# JRE version: Java(TM) SE Runtime Environment (17.0.7+8) (build 17.0.7+8-LTS-224)
# Java VM: Java HotSpot(TM) 64-Bit Server VM (17.0.7+8-LTS-224, mixed mode, sharing, tiered, compressed oops, compressed class ptrs, g1 gc, windows-amd64)
GC Precious Log:
 CPUs: 8 total, 8 available
 Memory: 6058M
 Large Page Support: Disabled
 NUMA Support: Disabled
 Compressed Oops: Enabled (32-bit)
 Heap Region Size: 1M
 Heap Min Capacity: 256M
 Heap Initial Capacity: 256M
 Heap Max Capacity: 512M
 Pre-touch: Disabled
 Parallel Workers: 8
 Concurrent Workers: 2
 Concurrent Refinement Workers: 8
 Periodic GC: Disabled
Heap:
 garbage-first heap   total 262144K, used 127789K [0x00000000e0000000, 0x0000000100000000)
  region size 1024K, 71 young (72704K), 6 survivors (6144K)
 Metaspace       used 72904K, committed 73664K, reserved 380928K
  class space    used 9847K, committed 10176K, reserved 315392K
GC Heap History (20 events):
Event: 18.479 GC heap before
{Heap before GC invocations=5 (full 0):
 garbage-first heap   total 262144K, used 136271K [0x00000000e0000000, 0x0000000100000000)
  region size 1024K, 125 young (128000K), 12 survivors (12288K)
 Metaspace       used 35605K, committed 35968K, reserved 348160K
  class space    used 5105K, committed 5312K, reserved 315392K
}
Event: 18.505 GC heap after
{Heap after GC invocations=6 (full 0):
 garbage-first heap   total 262144K, used 31123K [0x00000000e0000000, 0x0000000100000000)
  region size 1024K, 11 young (11264K), 11 survivors (11264K)
 Metaspace       used 35605K, committed 35968K, reserved 348160K
  class space    used 5105K, committed 5312K, reserved 315392K
}
Event: 25.551 GC heap before
{Heap before GC invocations=7 (full 0):
 garbage-first heap   total 262144K, used 182675K [0x00000000e0000000, 0x0000000100000000)
  region size 1024K, 153 young (156672K), 11 survivors (11264K)
 Metaspace       used 49566K, committed 50048K, reserved 364544K
  class space    used 7174K, committed 7424K, reserved 315392K
}
Event: 25.583 GC heap after
{Heap after GC invocations=8 (full 0):
 garbage-first heap   total 262144K, used 39725K [0x00000000e0000000, 0x0000000100000000)
  region size 1024K, 19 young (19456K), 19 survivors (19456K)
 Metaspace       used 49566K, committed 50048K, reserved 364544K
  class space    used 7174K, committed 7424K, reserved 315392K
}
Event: 36.125 GC heap before
{Heap before GC invocations=8 (full 0):
 garbage-first heap   total 262144K, used 175917K [0x00000000e0000000, 0x0000000100000000)
  region size 1024K, 153 young (156672K), 19 survivors (19456K)
 Metaspace       used 57833K, committed 58496K, reserved 372736K
  class space    used 8124K, committed 8448K, reserved 315392K
}
Event: 36.164 GC heap after
{Heap after GC invocations=9 (full 0):
 garbage-first heap   total 262144K, used 48741K [0x00000000e0000000, 0x0000000100000000)
  region size 1024K, 19 young (19456K), 19 survivors (19456K)
 Metaspace       used 57833K, committed 58496K, reserved 372736K
  class space    used 8124K, committed 8448K, reserved 315392K
}
Event: 282.139 GC heap before
{Heap before GC invocations=9 (full 0):
 garbage-first heap   total 262144K, used 144997K [0x00000000e0000000, 0x0000000100000000)
  region size 1024K, 115 young (117760K), 19 survivors (19456K)
 Metaspace       used 59534K, committed 60096K, reserved 372736K
  class space    used 8223K, committed 8512K, reserved 315392K
}
Event: 282.164 GC heap after
{Heap after GC invocations=10 (full 0):
 garbage-first heap   total 262144K, used 47703K [0x00000000e0000000, 0x0000000100000000)
  region size 1024K, 9 young (9216K), 9 survivors (9216K)
 Metaspace       used 59534K, committed 60096K, reserved 372736K
  class space    used 8223K, committed 8512K, reserved 315392K
}
Event: 547.898 GC heap before
{Heap before GC invocations=11 (full 0):
 garbage-first heap   total 262144K, used 194135K [0x00000000e0000000, 0x0000000100000000)
  region size 1024K, 153 young (156672K), 9 survivors (9216K)
 Metaspace       used 65042K, committed 65728K, reserved 372736K
  class space    used 8960K, committed 9280K, reserved 315392K
}
Event: 547.906 GC heap after
{Heap after GC invocations=12 (full 0):
 garbage-first heap   total 262144K, used 48761K [0x00000000e0000000, 0x0000000100000000)
  region size 1024K, 10 young (10240K), 10 survivors (10240K)
 Metaspace       used 65042K, committed 65728K, reserved 372736K
  class space    used 8960K, committed 9280K, reserved 315392K
}
Event: 3415.920 GC heap before
{Heap before GC invocations=12 (full 0):
 garbage-first heap   total 262144K, used 194169K [0x00000000e0000000, 0x0000000100000000)
  region size 1024K, 153 young (156672K), 10 survivors (10240K)
 Metaspace       used 65534K, committed 66240K, reserved 372736K
  class space    used 8980K, committed 9280K, reserved 315392K
}
Event: 3415.937 GC heap after
{Heap after GC invocations=13 (full 0):
 garbage-first heap   total 262144K, used 53287K [0x00000000e0000000, 0x0000000100000000)
  region size 1024K, 14 young (14336K), 14 survivors (14336K)
 Metaspace       used 65534K, committed 66240K, reserved 372736K
  class space    used 8980K, committed 9280K, reserved 315392K
}
Event: 3439.725 GC heap before
{Heap before GC invocations=13 (full 0):
 garbage-first heap   total 262144K, used 195623K [0x00000000e0000000, 0x0000000100000000)
  region size 1024K, 153 young (156672K), 14 survivors (14336K)
 Metaspace       used 65932K, committed 66624K, reserved 380928K
  class space    used 8995K, committed 9344K, reserved 315392K
}
Event: 3439.734 GC heap after
{Heap after GC invocations=14 (full 0):
 garbage-first heap   total 262144K, used 50524K [0x00000000e0000000, 0x0000000100000000)
  region size 1024K, 6 young (6144K), 6 survivors (6144K)
 Metaspace       used 65932K, committed 66624K, reserved 380928K
  class space    used 8995K, committed 9344K, reserved 315392K
}
Event: 3443.179 GC heap before
{Heap before GC invocations=14 (full 0):
 garbage-first heap   total 262144K, used 200028K [0x00000000e0000000, 0x0000000100000000)
  region size 1024K, 153 young (156672K), 6 survivors (6144K)
 Metaspace       used 72843K, committed 73600K, reserved 380928K
  class space    used 9846K, committed 10176K, reserved 315392K
}
Event: 3443.201 GC heap after
{Heap after GC invocations=15 (full 0):
 garbage-first heap   total 262144K, used 59585K [0x00000000e0000000, 0x0000000100000000)
  region size 1024K, 15 young (15360K), 15 survivors (15360K)
 Metaspace       used 72843K, committed 73600K, reserved 380928K
  class space    used 9846K, committed 10176K, reserved 315392K
}
Event: 3444.991 GC heap before
{Heap before GC invocations=15 (full 0):
 garbage-first heap   total 262144K, used 199873K [0x00000000e0000000, 0x0000000100000000)
  region size 1024K, 153 young (156672K), 15 survivors (15360K)
 Metaspace       used 72862K, committed 73600K, reserved 380928K
  class space    used 9846K, committed 10176K, reserved 315392K
}
Event: 3445.003 GC heap after
{Heap after GC invocations=16 (full 0):
 garbage-first heap   total 262144K, used 61005K [0x00000000e0000000, 0x0000000100000000)
  region size 1024K, 12 young (12288K), 12 survivors (12288K)
 Metaspace       used 72862K, committed 73600K, reserved 380928K
  class space    used 9846K, committed 10176K, reserved 315392K
}
Event: 3446.075 GC heap before
{Heap before GC invocations=16 (full 0):
 garbage-first heap   total 262144K, used 204365K [0x00000000e0000000, 0x0000000100000000)
  region size 1024K, 153 young (156672K), 12 survivors (12288K)
 Metaspace       used 72888K, committed 73664K, reserved 380928K
  class space    used 9846K, committed 10176K, reserved 315392K
}
Event: 3446.087 GC heap after
{Heap after GC invocations=17 (full 0):
 garbage-first heap   total 262144K, used 63277K [0x00000000e0000000, 0x0000000100000000)
  region size 1024K, 6 young (6144K), 6 survivors (6144K)
 Metaspace       used 72888K, committed 73664K, reserved 380928K
  class space    used 9846K, committed 10176K, reserved 315392K
}

