# JRE version: OpenJDK Runtime Environment Temurin-17.0.10+7 (17.0.10+7) (build 17.0.10+7)
# Java VM: OpenJDK 64-Bit Server VM Temurin-17.0.10+7 (17.0.10+7, mixed mode, tiered, compressed oops, compressed class ptrs, parallel gc, windows-amd64)
GC Precious Log:
 CPUs: 8 total, 8 available
 Memory: 6058M
 Large Page Support: Disabled
 NUMA Support: Disabled
 Compressed Oops: Enabled (32-bit)
 Alignments: Space 512K, Generation 512K, Heap 2M
 Heap Min Capacity: 100M
 Heap Initial Capacity: 100M
 Heap Max Capacity: 1G
 Pre-touch: Disabled
 Parallel Workers: 8
Heap:
 PSYoungGen      total 3584K, used 1016K [0x00000000eab00000, 0x00000000eb480000, 0x0000000100000000)
  eden space 2560K, 0% used [0x00000000eab00000,0x00000000eab00000,0x00000000ead80000)
  from space 1024K, 99% used [0x00000000ead80000,0x00000000eae7e048,0x00000000eae80000)
  to   space 3584K, 0% used [0x00000000eb100000,0x00000000eb100000,0x00000000eb480000)
 ParOldGen       total 406528K, used 405422K [0x00000000c0000000, 0x00000000d8d00000, 0x00000000eab00000)
  object space 406528K, 99% used [0x00000000c0000000,0x00000000d8bebbc8,0x00000000d8d00000)
 Metaspace       used 74343K, committed 75712K, reserved 1179648K
  class space    used 7993K, committed 8576K, reserved 1048576K
GC Heap History (20 events):
Event: 507.767 GC heap after
{Heap after GC invocations=948 (full 27):
 PSYoungGen      total 4608K, used 2845K [0x00000000eab00000, 0x00000000eb300000, 0x0000000100000000)
  eden space 1536K, 0% used [0x00000000eab00000,0x00000000eab00000,0x00000000eac80000)
  from space 3072K, 92% used [0x00000000eaf80000,0x00000000eb2477f0,0x00000000eb280000)
  to   space 3072K, 0% used [0x00000000eac80000,0x00000000eac80000,0x00000000eaf80000)
 ParOldGen       total 406528K, used 402607K [0x00000000c0000000, 0x00000000d8d00000, 0x00000000eab00000)
  object space 406528K, 99% used [0x00000000c0000000,0x00000000d892bfb0,0x00000000d8d00000)
 Metaspace       used 74130K, committed 75392K, reserved 1179648K
  class space    used 7978K, committed 8512K, reserved 1048576K
}
Event: 507.794 GC heap before
{Heap before GC invocations=949 (full 27):
 PSYoungGen      total 4608K, used 4381K [0x00000000eab00000, 0x00000000eb300000, 0x0000000100000000)
  eden space 1536K, 99% used [0x00000000eab00000,0x00000000eac7fff0,0x00000000eac80000)
  from space 3072K, 92% used [0x00000000eaf80000,0x00000000eb2477f0,0x00000000eb280000)
  to   space 3072K, 0% used [0x00000000eac80000,0x00000000eac80000,0x00000000eaf80000)
 ParOldGen       total 406528K, used 402607K [0x00000000c0000000, 0x00000000d8d00000, 0x00000000eab00000)
  object space 406528K, 99% used [0x00000000c0000000,0x00000000d892bfb0,0x00000000d8d00000)
 Metaspace       used 74132K, committed 75392K, reserved 1179648K
  class space    used 7978K, committed 8512K, reserved 1048576K
}
Event: 507.799 GC heap after
{Heap after GC invocations=949 (full 27):
 PSYoungGen      total 2048K, used 160K [0x00000000eab00000, 0x00000000eb000000, 0x0000000100000000)
  eden space 1536K, 0% used [0x00000000eab00000,0x00000000eab00000,0x00000000eac80000)
  from space 512K, 31% used [0x00000000eac80000,0x00000000eaca8000,0x00000000ead00000)
  to   space 1536K, 0% used [0x00000000eae80000,0x00000000eae80000,0x00000000eb000000)
 ParOldGen       total 406528K, used 403303K [0x00000000c0000000, 0x00000000d8d00000, 0x00000000eab00000)
  object space 406528K, 99% used [0x00000000c0000000,0x00000000d89d9fb0,0x00000000d8d00000)
 Metaspace       used 74132K, committed 75392K, reserved 1179648K
  class space    used 7978K, committed 8512K, reserved 1048576K
}
Event: 507.818 GC heap before
{Heap before GC invocations=950 (full 27):
 PSYoungGen      total 2048K, used 1695K [0x00000000eab00000, 0x00000000eb000000, 0x0000000100000000)
  eden space 1536K, 99% used [0x00000000eab00000,0x00000000eac7ffb0,0x00000000eac80000)
  from space 512K, 31% used [0x00000000eac80000,0x00000000eaca8000,0x00000000ead00000)
  to   space 1536K, 0% used [0x00000000eae80000,0x00000000eae80000,0x00000000eb000000)
 ParOldGen       total 406528K, used 403303K [0x00000000c0000000, 0x00000000d8d00000, 0x00000000eab00000)
  object space 406528K, 99% used [0x00000000c0000000,0x00000000d89d9fb0,0x00000000d8d00000)
 Metaspace       used 74141K, committed 75456K, reserved 1179648K
  class space    used 7978K, committed 8576K, reserved 1048576K
}
Event: 507.823 GC heap after
{Heap after GC invocations=950 (full 27):
 PSYoungGen      total 2560K, used 400K [0x00000000eab00000, 0x00000000eaf00000, 0x0000000100000000)
  eden space 2048K, 0% used [0x00000000eab00000,0x00000000eab00000,0x00000000ead00000)
  from space 512K, 78% used [0x00000000eae80000,0x00000000eaee4010,0x00000000eaf00000)
  to   space 512K, 0% used [0x00000000eae00000,0x00000000eae00000,0x00000000eae80000)
 ParOldGen       total 406528K, used 403343K [0x00000000c0000000, 0x00000000d8d00000, 0x00000000eab00000)
  object space 406528K, 99% used [0x00000000c0000000,0x00000000d89e3fb0,0x00000000d8d00000)
 Metaspace       used 74141K, committed 75456K, reserved 1179648K
  class space    used 7978K, committed 8576K, reserved 1048576K
}
Event: 507.857 GC heap before
{Heap before GC invocations=951 (full 27):
 PSYoungGen      total 2560K, used 2447K [0x00000000eab00000, 0x00000000eaf00000, 0x0000000100000000)
  eden space 2048K, 99% used [0x00000000eab00000,0x00000000eacfffe8,0x00000000ead00000)
  from space 512K, 78% used [0x00000000eae80000,0x00000000eaee4010,0x00000000eaf00000)
  to   space 512K, 0% used [0x00000000eae00000,0x00000000eae00000,0x00000000eae80000)
 ParOldGen       total 406528K, used 403343K [0x00000000c0000000, 0x00000000d8d00000, 0x00000000eab00000)
  object space 406528K, 99% used [0x00000000c0000000,0x00000000d89e3fb0,0x00000000d8d00000)
 Metaspace       used 74151K, committed 75456K, reserved 1179648K
  class space    used 7979K, committed 8576K, reserved 1048576K
}
Event: 507.862 GC heap after
{Heap after GC invocations=951 (full 27):
 PSYoungGen      total 3072K, used 448K [0x00000000eab00000, 0x00000000eaf00000, 0x0000000100000000)
  eden space 2560K, 0% used [0x00000000eab00000,0x00000000eab00000,0x00000000ead80000)
  from space 512K, 87% used [0x00000000eae00000,0x00000000eae70000,0x00000000eae80000)
  to   space 512K, 0% used [0x00000000eae80000,0x00000000eae80000,0x00000000eaf00000)
 ParOldGen       total 406528K, used 403391K [0x00000000c0000000, 0x00000000d8d00000, 0x00000000eab00000)
  object space 406528K, 99% used [0x00000000c0000000,0x00000000d89effb0,0x00000000d8d00000)
 Metaspace       used 74151K, committed 75456K, reserved 1179648K
  class space    used 7979K, committed 8576K, reserved 1048576K
}
Event: 509.222 GC heap before
{Heap before GC invocations=952 (full 27):
 PSYoungGen      total 3072K, used 3008K [0x00000000eab00000, 0x00000000eaf00000, 0x0000000100000000)
  eden space 2560K, 100% used [0x00000000eab00000,0x00000000ead80000,0x00000000ead80000)
  from space 512K, 87% used [0x00000000eae00000,0x00000000eae70000,0x00000000eae80000)
  to   space 512K, 0% used [0x00000000eae80000,0x00000000eae80000,0x00000000eaf00000)
 ParOldGen       total 406528K, used 403391K [0x00000000c0000000, 0x00000000d8d00000, 0x00000000eab00000)
  object space 406528K, 99% used [0x00000000c0000000,0x00000000d89effb0,0x00000000d8d00000)
 Metaspace       used 74209K, committed 75520K, reserved 1179648K
  class space    used 7980K, committed 8576K, reserved 1048576K
}
Event: 509.226 GC heap after
{Heap after GC invocations=952 (full 27):
 PSYoungGen      total 3072K, used 372K [0x00000000eab00000, 0x00000000eaf00000, 0x0000000100000000)
  eden space 2560K, 0% used [0x00000000eab00000,0x00000000eab00000,0x00000000ead80000)
  from space 512K, 72% used [0x00000000eae80000,0x00000000eaedd220,0x00000000eaf00000)
  to   space 512K, 0% used [0x00000000eae00000,0x00000000eae00000,0x00000000eae80000)
 ParOldGen       total 406528K, used 403415K [0x00000000c0000000, 0x00000000d8d00000, 0x00000000eab00000)
  object space 406528K, 99% used [0x00000000c0000000,0x00000000d89f5fb0,0x00000000d8d00000)
 Metaspace       used 74209K, committed 75520K, reserved 1179648K
  class space    used 7980K, committed 8576K, reserved 1048576K
}
Event: 509.422 GC heap before
{Heap before GC invocations=953 (full 27):
 PSYoungGen      total 3072K, used 2932K [0x00000000eab00000, 0x00000000eaf00000, 0x0000000100000000)
  eden space 2560K, 99% used [0x00000000eab00000,0x00000000ead7ff80,0x00000000ead80000)
  from space 512K, 72% used [0x00000000eae80000,0x00000000eaedd220,0x00000000eaf00000)
  to   space 512K, 0% used [0x00000000eae00000,0x00000000eae00000,0x00000000eae80000)
 ParOldGen       total 406528K, used 403415K [0x00000000c0000000, 0x00000000d8d00000, 0x00000000eab00000)
  object space 406528K, 99% used [0x00000000c0000000,0x00000000d89f5fb0,0x00000000d8d00000)
 Metaspace       used 74255K, committed 75584K, reserved 1179648K
  class space    used 7986K, committed 8576K, reserved 1048576K
}
Event: 509.426 GC heap after
{Heap after GC invocations=953 (full 27):
 PSYoungGen      total 3072K, used 256K [0x00000000eab00000, 0x00000000eaf00000, 0x0000000100000000)
  eden space 2560K, 0% used [0x00000000eab00000,0x00000000eab00000,0x00000000ead80000)
  from space 512K, 50% used [0x00000000eae00000,0x00000000eae40000,0x00000000eae80000)
  to   space 512K, 0% used [0x00000000eae80000,0x00000000eae80000,0x00000000eaf00000)
 ParOldGen       total 406528K, used 403423K [0x00000000c0000000, 0x00000000d8d00000, 0x00000000eab00000)
  object space 406528K, 99% used [0x00000000c0000000,0x00000000d89f7fb0,0x00000000d8d00000)
 Metaspace       used 74255K, committed 75584K, reserved 1179648K
  class space    used 7986K, committed 8576K, reserved 1048576K
}
Event: 509.465 GC heap before
{Heap before GC invocations=954 (full 27):
 PSYoungGen      total 3072K, used 2816K [0x00000000eab00000, 0x00000000eaf00000, 0x0000000100000000)
  eden space 2560K, 100% used [0x00000000eab00000,0x00000000ead80000,0x00000000ead80000)
  from space 512K, 50% used [0x00000000eae00000,0x00000000eae40000,0x00000000eae80000)
  to   space 512K, 0% used [0x00000000eae80000,0x00000000eae80000,0x00000000eaf00000)
 ParOldGen       total 406528K, used 403423K [0x00000000c0000000, 0x00000000d8d00000, 0x00000000eab00000)
  object space 406528K, 99% used [0x00000000c0000000,0x00000000d89f7fb0,0x00000000d8d00000)
 Metaspace       used 74279K, committed 75648K, reserved 1179648K
  class space    used 7989K, committed 8576K, reserved 1048576K
}
Event: 509.470 GC heap after
{Heap after GC invocations=954 (full 27):
 PSYoungGen      total 3072K, used 484K [0x00000000eab00000, 0x00000000eaf80000, 0x0000000100000000)
  eden space 2560K, 0% used [0x00000000eab00000,0x00000000eab00000,0x00000000ead80000)
  from space 512K, 94% used [0x00000000eae80000,0x00000000eaef9230,0x00000000eaf00000)
  to   space 1024K, 0% used [0x00000000ead80000,0x00000000ead80000,0x00000000eae80000)
 ParOldGen       total 406528K, used 403583K [0x00000000c0000000, 0x00000000d8d00000, 0x00000000eab00000)
  object space 406528K, 99% used [0x00000000c0000000,0x00000000d8a1ffd0,0x00000000d8d00000)
 Metaspace       used 74279K, committed 75648K, reserved 1179648K
  class space    used 7989K, committed 8576K, reserved 1048576K
}
Event: 510.193 GC heap before
{Heap before GC invocations=955 (full 27):
 PSYoungGen      total 3072K, used 3044K [0x00000000eab00000, 0x00000000eaf80000, 0x0000000100000000)
  eden space 2560K, 100% used [0x00000000eab00000,0x00000000ead80000,0x00000000ead80000)
  from space 512K, 94% used [0x00000000eae80000,0x00000000eaef9230,0x00000000eaf00000)
  to   space 1024K, 0% used [0x00000000ead80000,0x00000000ead80000,0x00000000eae80000)
 ParOldGen       total 406528K, used 403583K [0x00000000c0000000, 0x00000000d8d00000, 0x00000000eab00000)
  object space 406528K, 99% used [0x00000000c0000000,0x00000000d8a1ffd0,0x00000000d8d00000)
 Metaspace       used 74300K, committed 75648K, reserved 1179648K
  class space    used 7989K, committed 8576K, reserved 1048576K
}
Event: 510.195 GC heap after
{Heap after GC invocations=955 (full 27):
 PSYoungGen      total 3584K, used 618K [0x00000000eab00000, 0x00000000eaf80000, 0x0000000100000000)
  eden space 2560K, 0% used [0x00000000eab00000,0x00000000eab00000,0x00000000ead80000)
  from space 1024K, 60% used [0x00000000ead80000,0x00000000eae1a950,0x00000000eae80000)
  to   space 1024K, 0% used [0x00000000eae80000,0x00000000eae80000,0x00000000eaf80000)
 ParOldGen       total 406528K, used 403607K [0x00000000c0000000, 0x00000000d8d00000, 0x00000000eab00000)
  object space 406528K, 99% used [0x00000000c0000000,0x00000000d8a25fd0,0x00000000d8d00000)
 Metaspace       used 74300K, committed 75648K, reserved 1179648K
  class space    used 7989K, committed 8576K, reserved 1048576K
}
Event: 510.753 GC heap before
{Heap before GC invocations=956 (full 27):
 PSYoungGen      total 3584K, used 3162K [0x00000000eab00000, 0x00000000eaf80000, 0x0000000100000000)
  eden space 2560K, 99% used [0x00000000eab00000,0x00000000ead7c258,0x00000000ead80000)
  from space 1024K, 60% used [0x00000000ead80000,0x00000000eae1a950,0x00000000eae80000)
  to   space 1024K, 0% used [0x00000000eae80000,0x00000000eae80000,0x00000000eaf80000)
 ParOldGen       total 406528K, used 403607K [0x00000000c0000000, 0x00000000d8d00000, 0x00000000eab00000)
  object space 406528K, 99% used [0x00000000c0000000,0x00000000d8a25fd0,0x00000000d8d00000)
 Metaspace       used 74335K, committed 75712K, reserved 1179648K
  class space    used 7993K, committed 8576K, reserved 1048576K
}
Event: 510.754 GC heap after
{Heap after GC invocations=956 (full 27):
 PSYoungGen      total 3584K, used 798K [0x00000000eab00000, 0x00000000eaf80000, 0x0000000100000000)
  eden space 2560K, 0% used [0x00000000eab00000,0x00000000eab00000,0x00000000ead80000)
  from space 1024K, 78% used [0x00000000eae80000,0x00000000eaf47b50,0x00000000eaf80000)
  to   space 1024K, 0% used [0x00000000ead80000,0x00000000ead80000,0x00000000eae80000)
 ParOldGen       total 406528K, used 403607K [0x00000000c0000000, 0x00000000d8d00000, 0x00000000eab00000)
  object space 406528K, 99% used [0x00000000c0000000,0x00000000d8a25fd0,0x00000000d8d00000)
 Metaspace       used 74335K, committed 75712K, reserved 1179648K
  class space    used 7993K, committed 8576K, reserved 1048576K
}
Event: 510.764 GC heap before
{Heap before GC invocations=957 (full 27):
 PSYoungGen      total 3584K, used 3358K [0x00000000eab00000, 0x00000000eaf80000, 0x0000000100000000)
  eden space 2560K, 100% used [0x00000000eab00000,0x00000000ead80000,0x00000000ead80000)
  from space 1024K, 78% used [0x00000000eae80000,0x00000000eaf47b50,0x00000000eaf80000)
  to   space 1024K, 0% used [0x00000000ead80000,0x00000000ead80000,0x00000000eae80000)
 ParOldGen       total 406528K, used 403607K [0x00000000c0000000, 0x00000000d8d00000, 0x00000000eab00000)
  object space 406528K, 99% used [0x00000000c0000000,0x00000000d8a25fd0,0x00000000d8d00000)
 Metaspace       used 74343K, committed 75712K, reserved 1179648K
  class space    used 7993K, committed 8576K, reserved 1048576K
}
Event: 510.767 GC heap after
{Heap after GC invocations=957 (full 27):
 PSYoungGen      total 3584K, used 1016K [0x00000000eab00000, 0x00000000eb480000, 0x0000000100000000)
  eden space 2560K, 0% used [0x00000000eab00000,0x00000000eab00000,0x00000000ead80000)
  from space 1024K, 99% used [0x00000000ead80000,0x00000000eae7e048,0x00000000eae80000)
  to   space 3584K, 0% used [0x00000000eb100000,0x00000000eb100000,0x00000000eb480000)
 ParOldGen       total 406528K, used 405422K [0x00000000c0000000, 0x00000000d8d00000, 0x00000000eab00000)
  object space 406528K, 99% used [0x00000000c0000000,0x00000000d8bebbc8,0x00000000d8d00000)
 Metaspace       used 74343K, committed 75712K, reserved 1179648K
  class space    used 7993K, committed 8576K, reserved 1048576K
}
Event: 510.767 GC heap before
{Heap before GC invocations=958 (full 28):
 PSYoungGen      total 3584K, used 1016K [0x00000000eab00000, 0x00000000eb480000, 0x0000000100000000)
  eden space 2560K, 0% used [0x00000000eab00000,0x00000000eab00000,0x00000000ead80000)
  from space 1024K, 99% used [0x00000000ead80000,0x00000000eae7e048,0x00000000eae80000)
  to   space 3584K, 0% used [0x00000000eb100000,0x00000000eb100000,0x00000000eb480000)
 ParOldGen       total 406528K, used 405422K [0x00000000c0000000, 0x00000000d8d00000, 0x00000000eab00000)
  object space 406528K, 99% used [0x00000000c0000000,0x00000000d8bebbc8,0x00000000d8d00000)
 Metaspace       used 74343K, committed 75712K, reserved 1179648K
  class space    used 7993K, committed 8576K, reserved 1048576K
}

