# JRE version: Java(TM) SE Runtime Environment (17.0.7+8) (build 17.0.7+8-LTS-224)
# Java VM: Java HotSpot(TM) 64-Bit Server VM (17.0.7+8-LTS-224, mixed mode, sharing, tiered, compressed oops, compressed class ptrs, g1 gc, windows-amd64)
GC Precious Log:
 CPUs: 8 total, 8 available
 Memory: 6058M
 Large Page Support: Disabled
 NUMA Support: Disabled
 Compressed Oops: Enabled (32-bit)
 Heap Region Size: 1M
 Heap Min Capacity: 256M
 Heap Initial Capacity: 256M
 Heap Max Capacity: 512M
 Pre-touch: Disabled
 Parallel Workers: 8
 Concurrent Workers: 2
 Concurrent Refinement Workers: 8
 Periodic GC: Disabled
Heap:
 garbage-first heap   total 262144K, used 69271K [0x00000000e0000000, 0x0000000100000000)
  region size 1024K, 9 young (9216K), 2 survivors (2048K)
 Metaspace       used 68208K, committed 68992K, reserved 380928K
  class space    used 9207K, committed 9600K, reserved 315392K
GC Heap History (20 events):
Event: 8.496 GC heap before
{Heap before GC invocations=7 (full 0):
 garbage-first heap   total 262144K, used 31798K [0x00000000e0000000, 0x0000000100000000)
  region size 1024K, 3 young (3072K), 2 survivors (2048K)
 Metaspace       used 35962K, committed 36288K, reserved 348160K
  class space    used 5038K, committed 5184K, reserved 315392K
}
Event: 8.498 GC heap after
{Heap after GC invocations=8 (full 0):
 garbage-first heap   total 262144K, used 30580K [0x00000000e0000000, 0x0000000100000000)
  region size 1024K, 1 young (1024K), 1 survivors (1024K)
 Metaspace       used 35962K, committed 36288K, reserved 348160K
  class space    used 5038K, committed 5184K, reserved 315392K
}
Event: 17.873 GC heap before
{Heap before GC invocations=9 (full 0):
 garbage-first heap   total 262144K, used 187252K [0x00000000e0000000, 0x0000000100000000)
  region size 1024K, 153 young (156672K), 1 survivors (1024K)
 Metaspace       used 50787K, committed 51456K, reserved 364544K
  class space    used 7177K, committed 7488K, reserved 315392K
}
Event: 17.882 GC heap after
{Heap after GC invocations=10 (full 0):
 garbage-first heap   total 262144K, used 40861K [0x00000000e0000000, 0x0000000100000000)
  region size 1024K, 11 young (11264K), 11 survivors (11264K)
 Metaspace       used 50787K, committed 51456K, reserved 364544K
  class space    used 7177K, committed 7488K, reserved 315392K
}
Event: 17.895 GC heap before
{Heap before GC invocations=10 (full 0):
 garbage-first heap   total 262144K, used 41885K [0x00000000e0000000, 0x0000000100000000)
  region size 1024K, 12 young (12288K), 11 survivors (11264K)
 Metaspace       used 50866K, committed 51520K, reserved 364544K
  class space    used 7191K, committed 7488K, reserved 315392K
}
Event: 17.903 GC heap after
{Heap after GC invocations=11 (full 0):
 garbage-first heap   total 262144K, used 41519K [0x00000000e0000000, 0x0000000100000000)
  region size 1024K, 2 young (2048K), 2 survivors (2048K)
 Metaspace       used 50866K, committed 51520K, reserved 364544K
  class space    used 7191K, committed 7488K, reserved 315392K
}
Event: 26.532 GC heap before
{Heap before GC invocations=11 (full 0):
 garbage-first heap   total 262144K, used 191023K [0x00000000e0000000, 0x0000000100000000)
  region size 1024K, 149 young (152576K), 2 survivors (2048K)
 Metaspace       used 55796K, committed 56448K, reserved 364544K
  class space    used 7748K, committed 8064K, reserved 315392K
}
Event: 26.545 GC heap after
{Heap after GC invocations=12 (full 0):
 garbage-first heap   total 262144K, used 49281K [0x00000000e0000000, 0x0000000100000000)
  region size 1024K, 9 young (9216K), 9 survivors (9216K)
 Metaspace       used 55796K, committed 56448K, reserved 364544K
  class space    used 7748K, committed 8064K, reserved 315392K
}
Event: 30.099 GC heap before
{Heap before GC invocations=12 (full 0):
 garbage-first heap   total 262144K, used 153729K [0x00000000e0000000, 0x0000000100000000)
  region size 1024K, 113 young (115712K), 9 survivors (9216K)
 Metaspace       used 60375K, committed 60928K, reserved 372736K
  class space    used 8400K, committed 8640K, reserved 315392K
}
Event: 30.118 GC heap after
{Heap after GC invocations=13 (full 0):
 garbage-first heap   total 262144K, used 57418K [0x00000000e0000000, 0x0000000100000000)
  region size 1024K, 17 young (17408K), 17 survivors (17408K)
 Metaspace       used 60375K, committed 60928K, reserved 372736K
  class space    used 8400K, committed 8640K, reserved 315392K
}
Event: 34.273 GC heap before
{Heap before GC invocations=14 (full 0):
 garbage-first heap   total 262144K, used 196682K [0x00000000e0000000, 0x0000000100000000)
  region size 1024K, 153 young (156672K), 17 survivors (17408K)
 Metaspace       used 65869K, committed 66560K, reserved 372736K
  class space    used 9000K, committed 9344K, reserved 315392K
}
Event: 34.287 GC heap after
{Heap after GC invocations=15 (full 0):
 garbage-first heap   total 262144K, used 59509K [0x00000000e0000000, 0x0000000100000000)
  region size 1024K, 14 young (14336K), 14 survivors (14336K)
 Metaspace       used 65869K, committed 66560K, reserved 372736K
  class space    used 9000K, committed 9344K, reserved 315392K
}
Event: 34.312 GC heap before
{Heap before GC invocations=15 (full 0):
 garbage-first heap   total 262144K, used 60533K [0x00000000e0000000, 0x0000000100000000)
  region size 1024K, 15 young (15360K), 14 survivors (14336K)
 Metaspace       used 65872K, committed 66560K, reserved 372736K
  class space    used 9000K, committed 9344K, reserved 315392K
}
Event: 34.324 GC heap after
{Heap after GC invocations=16 (full 0):
 garbage-first heap   total 262144K, used 58903K [0x00000000e0000000, 0x0000000100000000)
  region size 1024K, 2 young (2048K), 2 survivors (2048K)
 Metaspace       used 65872K, committed 66560K, reserved 372736K
  class space    used 9000K, committed 9344K, reserved 315392K
}
Event: 385.940 GC heap before
{Heap before GC invocations=16 (full 0):
 garbage-first heap   total 262144K, used 203287K [0x00000000e0000000, 0x0000000100000000)
  region size 1024K, 144 young (147456K), 2 survivors (2048K)
 Metaspace       used 67659K, committed 68416K, reserved 380928K
  class space    used 9169K, committed 9536K, reserved 315392K
}
Event: 386.006 GC heap after
{Heap after GC invocations=17 (full 0):
 garbage-first heap   total 262144K, used 65619K [0x00000000e0000000, 0x0000000100000000)
  region size 1024K, 9 young (9216K), 9 survivors (9216K)
 Metaspace       used 67659K, committed 68416K, reserved 380928K
  class space    used 9169K, committed 9536K, reserved 315392K
}
Event: 699.705 GC heap before
{Heap before GC invocations=18 (full 0):
 garbage-first heap   total 262144K, used 203859K [0x00000000e0000000, 0x0000000100000000)
  region size 1024K, 145 young (148480K), 9 survivors (9216K)
 Metaspace       used 68158K, committed 68992K, reserved 380928K
  class space    used 9207K, committed 9600K, reserved 315392K
}
Event: 699.720 GC heap after
{Heap after GC invocations=19 (full 0):
 garbage-first heap   total 262144K, used 63371K [0x00000000e0000000, 0x0000000100000000)
  region size 1024K, 7 young (7168K), 7 survivors (7168K)
 Metaspace       used 68158K, committed 68992K, reserved 380928K
  class space    used 9207K, committed 9600K, reserved 315392K
}
Event: 699.878 GC heap before
{Heap before GC invocations=19 (full 0):
 garbage-first heap   total 262144K, used 67467K [0x00000000e0000000, 0x0000000100000000)
  region size 1024K, 12 young (12288K), 7 survivors (7168K)
 Metaspace       used 68167K, committed 68992K, reserved 380928K
  class space    used 9207K, committed 9600K, reserved 315392K
}
Event: 699.900 GC heap after
{Heap after GC invocations=20 (full 0):
 garbage-first heap   total 262144K, used 63127K [0x00000000e0000000, 0x0000000100000000)
  region size 1024K, 2 young (2048K), 2 survivors (2048K)
 Metaspace       used 68167K, committed 68992K, reserved 380928K
  class space    used 9207K, committed 9600K, reserved 315392K
}

