# JRE version: OpenJDK Runtime Environment Temurin-17.0.10+7 (17.0.10+7) (build 17.0.10+7)
# Java VM: OpenJDK 64-Bit Server VM Temurin-17.0.10+7 (17.0.10+7, mixed mode, emulated-client, tiered, compressed oops, compressed class ptrs, g1 gc, windows-amd64)
GC Precious Log:
 CPUs: 8 total, 8 available
 Memory: 6058M
 Large Page Support: Disabled
 NUMA Support: Disabled
 Compressed Oops: Enabled (32-bit)
 Heap Region Size: 1M
 Heap Min Capacity: 8M
 Heap Initial Capacity: 96M
 Heap Max Capacity: 1G
 Pre-touch: Disabled
 Parallel Workers: 8
 Concurrent Workers: 2
 Concurrent Refinement Workers: 8
 Periodic GC: Disabled
Heap:
 garbage-first heap   total 78848K, used 47149K [0x00000000c0000000, 0x0000000100000000)
  region size 1024K, 14 young (14336K), 3 survivors (3072K)
 Metaspace       used 59074K, committed 59520K, reserved 1114112K
  class space    used 7358K, committed 7552K, reserved 1048576K
GC Heap History (20 events):
Event: 967.430 GC heap after
{Heap after GC invocations=71 (full 39):
 garbage-first heap   total 78848K, used 34060K [0x00000000c0000000, 0x0000000100000000)
  region size 1024K, 1 young (1024K), 1 survivors (1024K)
 Metaspace       used 59031K, committed 59520K, reserved 1114112K
  class space    used 7351K, committed 7552K, reserved 1048576K
}
Event: 975.874 GC heap before
{Heap before GC invocations=71 (full 39):
 garbage-first heap   total 78848K, used 66828K [0x00000000c0000000, 0x0000000100000000)
  region size 1024K, 33 young (33792K), 1 survivors (1024K)
 Metaspace       used 59035K, committed 59520K, reserved 1114112K
  class space    used 7351K, committed 7552K, reserved 1048576K
}
Event: 975.876 GC heap after
{Heap after GC invocations=72 (full 39):
 garbage-first heap   total 78848K, used 34364K [0x00000000c0000000, 0x0000000100000000)
  region size 1024K, 1 young (1024K), 1 survivors (1024K)
 Metaspace       used 59035K, committed 59520K, reserved 1114112K
  class space    used 7351K, committed 7552K, reserved 1048576K
}
Event: 996.163 GC heap before
{Heap before GC invocations=72 (full 39):
 garbage-first heap   total 78848K, used 66108K [0x00000000c0000000, 0x0000000100000000)
  region size 1024K, 32 young (32768K), 1 survivors (1024K)
 Metaspace       used 59035K, committed 59520K, reserved 1114112K
  class space    used 7352K, committed 7552K, reserved 1048576K
}
Event: 996.165 GC heap after
{Heap after GC invocations=73 (full 39):
 garbage-first heap   total 78848K, used 34161K [0x00000000c0000000, 0x0000000100000000)
  region size 1024K, 1 young (1024K), 1 survivors (1024K)
 Metaspace       used 59035K, committed 59520K, reserved 1114112K
  class space    used 7352K, committed 7552K, reserved 1048576K
}
Event: 1010.866 GC heap before
{Heap before GC invocations=73 (full 39):
 garbage-first heap   total 78848K, used 65905K [0x00000000c0000000, 0x0000000100000000)
  region size 1024K, 32 young (32768K), 1 survivors (1024K)
 Metaspace       used 59035K, committed 59520K, reserved 1114112K
  class space    used 7352K, committed 7552K, reserved 1048576K
}
Event: 1010.868 GC heap after
{Heap after GC invocations=74 (full 39):
 garbage-first heap   total 78848K, used 33989K [0x00000000c0000000, 0x0000000100000000)
  region size 1024K, 1 young (1024K), 1 survivors (1024K)
 Metaspace       used 59035K, committed 59520K, reserved 1114112K
  class space    used 7352K, committed 7552K, reserved 1048576K
}
Event: 1017.866 GC heap before
{Heap before GC invocations=74 (full 39):
 garbage-first heap   total 78848K, used 66757K [0x00000000c0000000, 0x0000000100000000)
  region size 1024K, 33 young (33792K), 1 survivors (1024K)
 Metaspace       used 59036K, committed 59520K, reserved 1114112K
  class space    used 7352K, committed 7552K, reserved 1048576K
}
Event: 1017.868 GC heap after
{Heap after GC invocations=75 (full 39):
 garbage-first heap   total 78848K, used 34478K [0x00000000c0000000, 0x0000000100000000)
  region size 1024K, 1 young (1024K), 1 survivors (1024K)
 Metaspace       used 59036K, committed 59520K, reserved 1114112K
  class space    used 7352K, committed 7552K, reserved 1048576K
}
Event: 1039.527 GC heap before
{Heap before GC invocations=75 (full 39):
 garbage-first heap   total 78848K, used 66222K [0x00000000c0000000, 0x0000000100000000)
  region size 1024K, 32 young (32768K), 1 survivors (1024K)
 Metaspace       used 59036K, committed 59520K, reserved 1114112K
  class space    used 7352K, committed 7552K, reserved 1048576K
}
Event: 1039.529 GC heap after
{Heap after GC invocations=76 (full 39):
 garbage-first heap   total 78848K, used 34296K [0x00000000c0000000, 0x0000000100000000)
  region size 1024K, 1 young (1024K), 1 survivors (1024K)
 Metaspace       used 59036K, committed 59520K, reserved 1114112K
  class space    used 7352K, committed 7552K, reserved 1048576K
}
Event: 1072.155 GC heap before
{Heap before GC invocations=76 (full 39):
 garbage-first heap   total 78848K, used 66040K [0x00000000c0000000, 0x0000000100000000)
  region size 1024K, 32 young (32768K), 1 survivors (1024K)
 Metaspace       used 59064K, committed 59520K, reserved 1114112K
  class space    used 7356K, committed 7552K, reserved 1048576K
}
Event: 1072.158 GC heap after
{Heap after GC invocations=77 (full 39):
 garbage-first heap   total 78848K, used 35141K [0x00000000c0000000, 0x0000000100000000)
  region size 1024K, 2 young (2048K), 2 survivors (2048K)
 Metaspace       used 59064K, committed 59520K, reserved 1114112K
  class space    used 7356K, committed 7552K, reserved 1048576K
}
Event: 1135.734 GC heap before
{Heap before GC invocations=77 (full 39):
 garbage-first heap   total 78848K, used 64837K [0x00000000c0000000, 0x0000000100000000)
  region size 1024K, 31 young (31744K), 2 survivors (2048K)
 Metaspace       used 59074K, committed 59520K, reserved 1114112K
  class space    used 7358K, committed 7552K, reserved 1048576K
}
Event: 1135.736 GC heap after
{Heap after GC invocations=78 (full 39):
 garbage-first heap   total 78848K, used 34270K [0x00000000c0000000, 0x0000000100000000)
  region size 1024K, 1 young (1024K), 1 survivors (1024K)
 Metaspace       used 59074K, committed 59520K, reserved 1114112K
  class space    used 7358K, committed 7552K, reserved 1048576K
}
Event: 1149.276 GC heap before
{Heap before GC invocations=78 (full 39):
 garbage-first heap   total 78848K, used 64990K [0x00000000c0000000, 0x0000000100000000)
  region size 1024K, 32 young (32768K), 1 survivors (1024K)
 Metaspace       used 59074K, committed 59520K, reserved 1114112K
  class space    used 7358K, committed 7552K, reserved 1048576K
}
Event: 1149.279 GC heap after
{Heap after GC invocations=79 (full 39):
 garbage-first heap   total 78848K, used 35115K [0x00000000c0000000, 0x0000000100000000)
  region size 1024K, 2 young (2048K), 2 survivors (2048K)
 Metaspace       used 59074K, committed 59520K, reserved 1114112K
  class space    used 7358K, committed 7552K, reserved 1048576K
}
Event: 1198.839 GC heap before
{Heap before GC invocations=79 (full 39):
 garbage-first heap   total 78848K, used 64811K [0x00000000c0000000, 0x0000000100000000)
  region size 1024K, 31 young (31744K), 2 survivors (2048K)
 Metaspace       used 59074K, committed 59520K, reserved 1114112K
  class space    used 7358K, committed 7552K, reserved 1048576K
}
Event: 1198.842 GC heap after
{Heap after GC invocations=80 (full 39):
 garbage-first heap   total 78848K, used 36130K [0x00000000c0000000, 0x0000000100000000)
  region size 1024K, 3 young (3072K), 3 survivors (3072K)
 Metaspace       used 59074K, committed 59520K, reserved 1114112K
  class space    used 7358K, committed 7552K, reserved 1048576K
}
Event: 1285.346 GC heap before
{Heap before GC invocations=80 (full 39):
 garbage-first heap   total 78848K, used 45346K [0x00000000c0000000, 0x0000000100000000)
  region size 1024K, 14 young (14336K), 3 survivors (3072K)
 Metaspace       used 59074K, committed 59520K, reserved 1114112K
  class space    used 7358K, committed 7552K, reserved 1048576K
}

