# JRE version: OpenJDK Runtime Environment Temurin-17.0.10+7 (17.0.10+7) (build 17.0.10+7)
# Java VM: OpenJDK 64-Bit Server VM Temurin-17.0.10+7 (17.0.10+7, mixed mode, tiered, compressed oops, compressed class ptrs, parallel gc, windows-amd64)
GC Precious Log:
 CPUs: 8 total, 8 available
 Memory: 6058M
 Large Page Support: Disabled
 NUMA Support: Disabled
 Compressed Oops: Enabled (32-bit)
 Alignments: Space 512K, Generation 512K, Heap 2M
 Heap Min Capacity: 100M
 Heap Initial Capacity: 100M
 Heap Max Capacity: 1G
 Pre-touch: Disabled
 Parallel Workers: 8
Heap:
 PSYoungGen      total 15360K, used 8386K [0x00000000eab00000, 0x00000000ebf80000, 0x0000000100000000)
  eden space 11264K, 40% used [0x00000000eab00000,0x00000000eaf77950,0x00000000eb600000)
  from space 4096K, 93% used [0x00000000eba00000,0x00000000ebdb91b0,0x00000000ebe00000)
  to   space 4096K, 0% used [0x00000000eb600000,0x00000000eb600000,0x00000000eba00000)
 ParOldGen       total 272384K, used 267302K [0x00000000c0000000, 0x00000000d0a00000, 0x00000000eab00000)
  object space 272384K, 98% used [0x00000000c0000000,0x00000000d05099a0,0x00000000d0a00000)
 Metaspace       used 54199K, committed 55168K, reserved 1114112K
  class space    used 5847K, committed 6272K, reserved 1048576K
GC Heap History (20 events):
Event: 43.961 GC heap before
{Heap before GC invocations=217 (full 10):
 PSYoungGen      total 6656K, used 6642K [0x00000000eab00000, 0x00000000eb500000, 0x0000000100000000)
  eden space 5120K, 100% used [0x00000000eab00000,0x00000000eb000000,0x00000000eb000000)
  from space 1536K, 99% used [0x00000000eb200000,0x00000000eb37c910,0x00000000eb380000)
  to   space 2048K, 0% used [0x00000000eb000000,0x00000000eb000000,0x00000000eb200000)
 ParOldGen       total 272384K, used 243059K [0x00000000c0000000, 0x00000000d0a00000, 0x00000000eab00000)
  object space 272384K, 89% used [0x00000000c0000000,0x00000000ced5cd80,0x00000000d0a00000)
 Metaspace       used 53981K, committed 54976K, reserved 1114112K
  class space    used 5825K, committed 6272K, reserved 1048576K
}
Event: 43.966 GC heap after
{Heap after GC invocations=217 (full 10):
 PSYoungGen      total 7168K, used 1562K [0x00000000eab00000, 0x00000000eb500000, 0x0000000100000000)
  eden space 5120K, 0% used [0x00000000eab00000,0x00000000eab00000,0x00000000eb000000)
  from space 2048K, 76% used [0x00000000eb000000,0x00000000eb186be0,0x00000000eb200000)
  to   space 2048K, 0% used [0x00000000eb300000,0x00000000eb300000,0x00000000eb500000)
 ParOldGen       total 272384K, used 244412K [0x00000000c0000000, 0x00000000d0a00000, 0x00000000eab00000)
  object space 272384K, 89% used [0x00000000c0000000,0x00000000ceeaf378,0x00000000d0a00000)
 Metaspace       used 53981K, committed 54976K, reserved 1114112K
  class space    used 5825K, committed 6272K, reserved 1048576K
}
Event: 43.992 GC heap before
{Heap before GC invocations=218 (full 10):
 PSYoungGen      total 7168K, used 6682K [0x00000000eab00000, 0x00000000eb500000, 0x0000000100000000)
  eden space 5120K, 100% used [0x00000000eab00000,0x00000000eb000000,0x00000000eb000000)
  from space 2048K, 76% used [0x00000000eb000000,0x00000000eb186be0,0x00000000eb200000)
  to   space 2048K, 0% used [0x00000000eb300000,0x00000000eb300000,0x00000000eb500000)
 ParOldGen       total 272384K, used 244412K [0x00000000c0000000, 0x00000000d0a00000, 0x00000000eab00000)
  object space 272384K, 89% used [0x00000000c0000000,0x00000000ceeaf378,0x00000000d0a00000)
 Metaspace       used 53981K, committed 54976K, reserved 1114112K
  class space    used 5825K, committed 6272K, reserved 1048576K
}
Event: 43.997 GC heap after
{Heap after GC invocations=218 (full 10):
 PSYoungGen      total 8192K, used 1654K [0x00000000eab00000, 0x00000000eb500000, 0x0000000100000000)
  eden space 6144K, 0% used [0x00000000eab00000,0x00000000eab00000,0x00000000eb100000)
  from space 2048K, 80% used [0x00000000eb300000,0x00000000eb49db08,0x00000000eb500000)
  to   space 2048K, 0% used [0x00000000eb100000,0x00000000eb100000,0x00000000eb300000)
 ParOldGen       total 272384K, used 245892K [0x00000000c0000000, 0x00000000d0a00000, 0x00000000eab00000)
  object space 272384K, 90% used [0x00000000c0000000,0x00000000cf0212d0,0x00000000d0a00000)
 Metaspace       used 53981K, committed 54976K, reserved 1114112K
  class space    used 5825K, committed 6272K, reserved 1048576K
}
Event: 44.021 GC heap before
{Heap before GC invocations=219 (full 10):
 PSYoungGen      total 8192K, used 7798K [0x00000000eab00000, 0x00000000eb500000, 0x0000000100000000)
  eden space 6144K, 100% used [0x00000000eab00000,0x00000000eb100000,0x00000000eb100000)
  from space 2048K, 80% used [0x00000000eb300000,0x00000000eb49db08,0x00000000eb500000)
  to   space 2048K, 0% used [0x00000000eb100000,0x00000000eb100000,0x00000000eb300000)
 ParOldGen       total 272384K, used 245892K [0x00000000c0000000, 0x00000000d0a00000, 0x00000000eab00000)
  object space 272384K, 90% used [0x00000000c0000000,0x00000000cf0212d0,0x00000000d0a00000)
 Metaspace       used 53981K, committed 54976K, reserved 1114112K
  class space    used 5825K, committed 6272K, reserved 1048576K
}
Event: 44.026 GC heap after
{Heap after GC invocations=219 (full 10):
 PSYoungGen      total 8192K, used 2019K [0x00000000eab00000, 0x00000000eba00000, 0x0000000100000000)
  eden space 6144K, 0% used [0x00000000eab00000,0x00000000eab00000,0x00000000eb100000)
  from space 2048K, 98% used [0x00000000eb100000,0x00000000eb2f8e88,0x00000000eb300000)
  to   space 4096K, 0% used [0x00000000eb600000,0x00000000eb600000,0x00000000eba00000)
 ParOldGen       total 272384K, used 247485K [0x00000000c0000000, 0x00000000d0a00000, 0x00000000eab00000)
  object space 272384K, 90% used [0x00000000c0000000,0x00000000cf1af460,0x00000000d0a00000)
 Metaspace       used 53981K, committed 54976K, reserved 1114112K
  class space    used 5825K, committed 6272K, reserved 1048576K
}
Event: 44.110 GC heap before
{Heap before GC invocations=220 (full 10):
 PSYoungGen      total 8192K, used 8124K [0x00000000eab00000, 0x00000000eba00000, 0x0000000100000000)
  eden space 6144K, 99% used [0x00000000eab00000,0x00000000eb0f6260,0x00000000eb100000)
  from space 2048K, 98% used [0x00000000eb100000,0x00000000eb2f8e88,0x00000000eb300000)
  to   space 4096K, 0% used [0x00000000eb600000,0x00000000eb600000,0x00000000eba00000)
 ParOldGen       total 272384K, used 247485K [0x00000000c0000000, 0x00000000d0a00000, 0x00000000eab00000)
  object space 272384K, 90% used [0x00000000c0000000,0x00000000cf1af460,0x00000000d0a00000)
 Metaspace       used 53981K, committed 54976K, reserved 1114112K
  class space    used 5825K, committed 6272K, reserved 1048576K
}
Event: 44.117 GC heap after
{Heap after GC invocations=220 (full 10):
 PSYoungGen      total 9728K, used 2421K [0x00000000eab00000, 0x00000000eb880000, 0x0000000100000000)
  eden space 7168K, 0% used [0x00000000eab00000,0x00000000eab00000,0x00000000eb200000)
  from space 2560K, 94% used [0x00000000eb600000,0x00000000eb85d7a8,0x00000000eb880000)
  to   space 3072K, 0% used [0x00000000eb280000,0x00000000eb280000,0x00000000eb580000)
 ParOldGen       total 272384K, used 249455K [0x00000000c0000000, 0x00000000d0a00000, 0x00000000eab00000)
  object space 272384K, 91% used [0x00000000c0000000,0x00000000cf39bd08,0x00000000d0a00000)
 Metaspace       used 53981K, committed 54976K, reserved 1114112K
  class space    used 5825K, committed 6272K, reserved 1048576K
}
Event: 44.477 GC heap before
{Heap before GC invocations=221 (full 10):
 PSYoungGen      total 9728K, used 9589K [0x00000000eab00000, 0x00000000eb880000, 0x0000000100000000)
  eden space 7168K, 100% used [0x00000000eab00000,0x00000000eb200000,0x00000000eb200000)
  from space 2560K, 94% used [0x00000000eb600000,0x00000000eb85d7a8,0x00000000eb880000)
  to   space 3072K, 0% used [0x00000000eb280000,0x00000000eb280000,0x00000000eb580000)
 ParOldGen       total 272384K, used 249455K [0x00000000c0000000, 0x00000000d0a00000, 0x00000000eab00000)
  object space 272384K, 91% used [0x00000000c0000000,0x00000000cf39bd08,0x00000000d0a00000)
 Metaspace       used 53981K, committed 54976K, reserved 1114112K
  class space    used 5825K, committed 6272K, reserved 1048576K
}
Event: 44.482 GC heap after
{Heap after GC invocations=221 (full 10):
 PSYoungGen      total 10752K, used 2802K [0x00000000eab00000, 0x00000000eb900000, 0x0000000100000000)
  eden space 7680K, 0% used [0x00000000eab00000,0x00000000eab00000,0x00000000eb280000)
  from space 3072K, 91% used [0x00000000eb280000,0x00000000eb53caf8,0x00000000eb580000)
  to   space 3072K, 0% used [0x00000000eb600000,0x00000000eb600000,0x00000000eb900000)
 ParOldGen       total 272384K, used 251753K [0x00000000c0000000, 0x00000000d0a00000, 0x00000000eab00000)
  object space 272384K, 92% used [0x00000000c0000000,0x00000000cf5da780,0x00000000d0a00000)
 Metaspace       used 53981K, committed 54976K, reserved 1114112K
  class space    used 5825K, committed 6272K, reserved 1048576K
}
Event: 44.507 GC heap before
{Heap before GC invocations=222 (full 10):
 PSYoungGen      total 10752K, used 10482K [0x00000000eab00000, 0x00000000eb900000, 0x0000000100000000)
  eden space 7680K, 100% used [0x00000000eab00000,0x00000000eb280000,0x00000000eb280000)
  from space 3072K, 91% used [0x00000000eb280000,0x00000000eb53caf8,0x00000000eb580000)
  to   space 3072K, 0% used [0x00000000eb600000,0x00000000eb600000,0x00000000eb900000)
 ParOldGen       total 272384K, used 251753K [0x00000000c0000000, 0x00000000d0a00000, 0x00000000eab00000)
  object space 272384K, 92% used [0x00000000c0000000,0x00000000cf5da780,0x00000000d0a00000)
 Metaspace       used 53981K, committed 54976K, reserved 1114112K
  class space    used 5825K, committed 6272K, reserved 1048576K
}
Event: 44.512 GC heap after
{Heap after GC invocations=222 (full 10):
 PSYoungGen      total 11264K, used 3005K [0x00000000eab00000, 0x00000000eb980000, 0x0000000100000000)
  eden space 8192K, 0% used [0x00000000eab00000,0x00000000eab00000,0x00000000eb300000)
  from space 3072K, 97% used [0x00000000eb600000,0x00000000eb8ef7e0,0x00000000eb900000)
  to   space 3072K, 0% used [0x00000000eb300000,0x00000000eb300000,0x00000000eb600000)
 ParOldGen       total 272384K, used 254411K [0x00000000c0000000, 0x00000000d0a00000, 0x00000000eab00000)
  object space 272384K, 93% used [0x00000000c0000000,0x00000000cf872e58,0x00000000d0a00000)
 Metaspace       used 53981K, committed 54976K, reserved 1114112K
  class space    used 5825K, committed 6272K, reserved 1048576K
}
Event: 44.554 GC heap before
{Heap before GC invocations=223 (full 10):
 PSYoungGen      total 11264K, used 11197K [0x00000000eab00000, 0x00000000eb980000, 0x0000000100000000)
  eden space 8192K, 100% used [0x00000000eab00000,0x00000000eb300000,0x00000000eb300000)
  from space 3072K, 97% used [0x00000000eb600000,0x00000000eb8ef7e0,0x00000000eb900000)
  to   space 3072K, 0% used [0x00000000eb300000,0x00000000eb300000,0x00000000eb600000)
 ParOldGen       total 272384K, used 254411K [0x00000000c0000000, 0x00000000d0a00000, 0x00000000eab00000)
  object space 272384K, 93% used [0x00000000c0000000,0x00000000cf872e58,0x00000000d0a00000)
 Metaspace       used 53981K, committed 54976K, reserved 1114112K
  class space    used 5825K, committed 6272K, reserved 1048576K
}
Event: 44.560 GC heap after
{Heap after GC invocations=223 (full 10):
 PSYoungGen      total 11264K, used 3069K [0x00000000eab00000, 0x00000000ec280000, 0x0000000100000000)
  eden space 8192K, 0% used [0x00000000eab00000,0x00000000eab00000,0x00000000eb300000)
  from space 3072K, 99% used [0x00000000eb300000,0x00000000eb5ff400,0x00000000eb600000)
  to   space 7168K, 0% used [0x00000000ebb80000,0x00000000ebb80000,0x00000000ec280000)
 ParOldGen       total 272384K, used 257605K [0x00000000c0000000, 0x00000000d0a00000, 0x00000000eab00000)
  object space 272384K, 94% used [0x00000000c0000000,0x00000000cfb91648,0x00000000d0a00000)
 Metaspace       used 53981K, committed 54976K, reserved 1114112K
  class space    used 5825K, committed 6272K, reserved 1048576K
}
Event: 44.580 GC heap before
{Heap before GC invocations=224 (full 10):
 PSYoungGen      total 11264K, used 11261K [0x00000000eab00000, 0x00000000ec280000, 0x0000000100000000)
  eden space 8192K, 100% used [0x00000000eab00000,0x00000000eb300000,0x00000000eb300000)
  from space 3072K, 99% used [0x00000000eb300000,0x00000000eb5ff400,0x00000000eb600000)
  to   space 7168K, 0% used [0x00000000ebb80000,0x00000000ebb80000,0x00000000ec280000)
 ParOldGen       total 272384K, used 257605K [0x00000000c0000000, 0x00000000d0a00000, 0x00000000eab00000)
  object space 272384K, 94% used [0x00000000c0000000,0x00000000cfb91648,0x00000000d0a00000)
 Metaspace       used 53981K, committed 54976K, reserved 1114112K
  class space    used 5825K, committed 6272K, reserved 1048576K
}
Event: 44.589 GC heap after
{Heap after GC invocations=224 (full 10):
 PSYoungGen      total 13312K, used 3524K [0x00000000eab00000, 0x00000000ebf00000, 0x0000000100000000)
  eden space 9728K, 0% used [0x00000000eab00000,0x00000000eab00000,0x00000000eb480000)
  from space 3584K, 98% used [0x00000000ebb80000,0x00000000ebef10c8,0x00000000ebf00000)
  to   space 4608K, 0% used [0x00000000eb600000,0x00000000eb600000,0x00000000eba80000)
 ParOldGen       total 272384K, used 260579K [0x00000000c0000000, 0x00000000d0a00000, 0x00000000eab00000)
  object space 272384K, 95% used [0x00000000c0000000,0x00000000cfe78d30,0x00000000d0a00000)
 Metaspace       used 53981K, committed 54976K, reserved 1114112K
  class space    used 5825K, committed 6272K, reserved 1048576K
}
Event: 44.748 GC heap before
{Heap before GC invocations=225 (full 10):
 PSYoungGen      total 13312K, used 13252K [0x00000000eab00000, 0x00000000ebf00000, 0x0000000100000000)
  eden space 9728K, 100% used [0x00000000eab00000,0x00000000eb480000,0x00000000eb480000)
  from space 3584K, 98% used [0x00000000ebb80000,0x00000000ebef10c8,0x00000000ebf00000)
  to   space 4608K, 0% used [0x00000000eb600000,0x00000000eb600000,0x00000000eba80000)
 ParOldGen       total 272384K, used 260579K [0x00000000c0000000, 0x00000000d0a00000, 0x00000000eab00000)
  object space 272384K, 95% used [0x00000000c0000000,0x00000000cfe78d30,0x00000000d0a00000)
 Metaspace       used 53981K, committed 54976K, reserved 1114112K
  class space    used 5825K, committed 6272K, reserved 1048576K
}
Event: 44.755 GC heap after
{Heap after GC invocations=225 (full 10):
 PSYoungGen      total 14848K, used 3573K [0x00000000eab00000, 0x00000000ebe00000, 0x0000000100000000)
  eden space 11264K, 0% used [0x00000000eab00000,0x00000000eab00000,0x00000000eb600000)
  from space 3584K, 99% used [0x00000000eb600000,0x00000000eb97d498,0x00000000eb980000)
  to   space 4096K, 0% used [0x00000000eba00000,0x00000000eba00000,0x00000000ebe00000)
 ParOldGen       total 272384K, used 263931K [0x00000000c0000000, 0x00000000d0a00000, 0x00000000eab00000)
  object space 272384K, 96% used [0x00000000c0000000,0x00000000d01befd8,0x00000000d0a00000)
 Metaspace       used 53981K, committed 54976K, reserved 1114112K
  class space    used 5825K, committed 6272K, reserved 1048576K
}
Event: 46.091 GC heap before
{Heap before GC invocations=226 (full 10):
 PSYoungGen      total 14848K, used 14837K [0x00000000eab00000, 0x00000000ebe00000, 0x0000000100000000)
  eden space 11264K, 100% used [0x00000000eab00000,0x00000000eb600000,0x00000000eb600000)
  from space 3584K, 99% used [0x00000000eb600000,0x00000000eb97d498,0x00000000eb980000)
  to   space 4096K, 0% used [0x00000000eba00000,0x00000000eba00000,0x00000000ebe00000)
 ParOldGen       total 272384K, used 263931K [0x00000000c0000000, 0x00000000d0a00000, 0x00000000eab00000)
  object space 272384K, 96% used [0x00000000c0000000,0x00000000d01befd8,0x00000000d0a00000)
 Metaspace       used 54082K, committed 55104K, reserved 1114112K
  class space    used 5837K, committed 6272K, reserved 1048576K
}
Event: 46.100 GC heap after
{Heap after GC invocations=226 (full 10):
 PSYoungGen      total 15360K, used 3812K [0x00000000eab00000, 0x00000000ebf80000, 0x0000000100000000)
  eden space 11264K, 0% used [0x00000000eab00000,0x00000000eab00000,0x00000000eb600000)
  from space 4096K, 93% used [0x00000000eba00000,0x00000000ebdb91b0,0x00000000ebe00000)
  to   space 4096K, 0% used [0x00000000eb600000,0x00000000eb600000,0x00000000eba00000)
 ParOldGen       total 272384K, used 267302K [0x00000000c0000000, 0x00000000d0a00000, 0x00000000eab00000)
  object space 272384K, 98% used [0x00000000c0000000,0x00000000d05099a0,0x00000000d0a00000)
 Metaspace       used 54082K, committed 55104K, reserved 1114112K
  class space    used 5837K, committed 6272K, reserved 1048576K
}

