# JRE version: OpenJDK Runtime Environment Temurin-17.0.10+7 (17.0.10+7) (build 17.0.10+7)
# Java VM: OpenJDK 64-Bit Server VM Temurin-17.0.10+7 (17.0.10+7, mixed mode, tiered, compressed oops, compressed class ptrs, parallel gc, windows-amd64)
GC Precious Log:
 CPUs: 8 total, 8 available
 Memory: 6058M
 Large Page Support: Disabled
 NUMA Support: Disabled
 Compressed Oops: Enabled (32-bit)
 Alignments: Space 512K, Generation 512K, Heap 2M
 Heap Min Capacity: 100M
 Heap Initial Capacity: 100M
 Heap Max Capacity: 1G
 Pre-touch: Disabled
 Parallel Workers: 8
Heap:
 PSYoungGen      total 14848K, used 2831K [0x00000000eab00000, 0x00000000ebc80000, 0x0000000100000000)
  eden space 11776K, 0% used [0x00000000eab00000,0x00000000eab00000,0x00000000eb680000)
  from space 3072K, 92% used [0x00000000eb980000,0x00000000ebc43e00,0x00000000ebc80000)
  to   space 3072K, 0% used [0x00000000eb680000,0x00000000eb680000,0x00000000eb980000)
 ParOldGen       total 151552K, used 149106K [0x00000000c0000000, 0x00000000c9400000, 0x00000000eab00000)
  object space 151552K, 98% used [0x00000000c0000000,0x00000000c919c988,0x00000000c9400000)
 Metaspace       used 53960K, committed 54976K, reserved 1114112K
  class space    used 5829K, committed 6272K, reserved 1048576K
GC Heap History (20 events):
Event: 17.325 GC heap after
{Heap after GC invocations=56 (full 5):
 PSYoungGen      total 14848K, used 2706K [0x00000000eab00000, 0x00000000ebc80000, 0x0000000100000000)
  eden space 11776K, 0% used [0x00000000eab00000,0x00000000eab00000,0x00000000eb680000)
  from space 3072K, 88% used [0x00000000eb680000,0x00000000eb924878,0x00000000eb980000)
  to   space 3072K, 0% used [0x00000000eb980000,0x00000000eb980000,0x00000000ebc80000)
 ParOldGen       total 151552K, used 124406K [0x00000000c0000000, 0x00000000c9400000, 0x00000000eab00000)
  object space 151552K, 82% used [0x00000000c0000000,0x00000000c797dab8,0x00000000c9400000)
 Metaspace       used 53958K, committed 54976K, reserved 1114112K
  class space    used 5829K, committed 6272K, reserved 1048576K
}
Event: 17.379 GC heap before
{Heap before GC invocations=57 (full 5):
 PSYoungGen      total 14848K, used 14482K [0x00000000eab00000, 0x00000000ebc80000, 0x0000000100000000)
  eden space 11776K, 100% used [0x00000000eab00000,0x00000000eb680000,0x00000000eb680000)
  from space 3072K, 88% used [0x00000000eb680000,0x00000000eb924878,0x00000000eb980000)
  to   space 3072K, 0% used [0x00000000eb980000,0x00000000eb980000,0x00000000ebc80000)
 ParOldGen       total 151552K, used 124406K [0x00000000c0000000, 0x00000000c9400000, 0x00000000eab00000)
  object space 151552K, 82% used [0x00000000c0000000,0x00000000c797dab8,0x00000000c9400000)
 Metaspace       used 53958K, committed 54976K, reserved 1114112K
  class space    used 5829K, committed 6272K, reserved 1048576K
}
Event: 17.383 GC heap after
{Heap after GC invocations=57 (full 5):
 PSYoungGen      total 14848K, used 2733K [0x00000000eab00000, 0x00000000ebc80000, 0x0000000100000000)
  eden space 11776K, 0% used [0x00000000eab00000,0x00000000eab00000,0x00000000eb680000)
  from space 3072K, 88% used [0x00000000eb980000,0x00000000ebc2b488,0x00000000ebc80000)
  to   space 3072K, 0% used [0x00000000eb680000,0x00000000eb680000,0x00000000eb980000)
 ParOldGen       total 151552K, used 127002K [0x00000000c0000000, 0x00000000c9400000, 0x00000000eab00000)
  object space 151552K, 83% used [0x00000000c0000000,0x00000000c7c06870,0x00000000c9400000)
 Metaspace       used 53958K, committed 54976K, reserved 1114112K
  class space    used 5829K, committed 6272K, reserved 1048576K
}
Event: 17.433 GC heap before
{Heap before GC invocations=58 (full 5):
 PSYoungGen      total 14848K, used 14509K [0x00000000eab00000, 0x00000000ebc80000, 0x0000000100000000)
  eden space 11776K, 100% used [0x00000000eab00000,0x00000000eb680000,0x00000000eb680000)
  from space 3072K, 88% used [0x00000000eb980000,0x00000000ebc2b488,0x00000000ebc80000)
  to   space 3072K, 0% used [0x00000000eb680000,0x00000000eb680000,0x00000000eb980000)
 ParOldGen       total 151552K, used 127002K [0x00000000c0000000, 0x00000000c9400000, 0x00000000eab00000)
  object space 151552K, 83% used [0x00000000c0000000,0x00000000c7c06870,0x00000000c9400000)
 Metaspace       used 53958K, committed 54976K, reserved 1114112K
  class space    used 5829K, committed 6272K, reserved 1048576K
}
Event: 17.437 GC heap after
{Heap after GC invocations=58 (full 5):
 PSYoungGen      total 14848K, used 2960K [0x00000000eab00000, 0x00000000ebc80000, 0x0000000100000000)
  eden space 11776K, 0% used [0x00000000eab00000,0x00000000eab00000,0x00000000eb680000)
  from space 3072K, 96% used [0x00000000eb680000,0x00000000eb9640e0,0x00000000eb980000)
  to   space 3072K, 0% used [0x00000000eb980000,0x00000000eb980000,0x00000000ebc80000)
 ParOldGen       total 151552K, used 129615K [0x00000000c0000000, 0x00000000c9400000, 0x00000000eab00000)
  object space 151552K, 85% used [0x00000000c0000000,0x00000000c7e93e68,0x00000000c9400000)
 Metaspace       used 53958K, committed 54976K, reserved 1114112K
  class space    used 5829K, committed 6272K, reserved 1048576K
}
Event: 17.528 GC heap before
{Heap before GC invocations=59 (full 5):
 PSYoungGen      total 14848K, used 14736K [0x00000000eab00000, 0x00000000ebc80000, 0x0000000100000000)
  eden space 11776K, 100% used [0x00000000eab00000,0x00000000eb680000,0x00000000eb680000)
  from space 3072K, 96% used [0x00000000eb680000,0x00000000eb9640e0,0x00000000eb980000)
  to   space 3072K, 0% used [0x00000000eb980000,0x00000000eb980000,0x00000000ebc80000)
 ParOldGen       total 151552K, used 129615K [0x00000000c0000000, 0x00000000c9400000, 0x00000000eab00000)
  object space 151552K, 85% used [0x00000000c0000000,0x00000000c7e93e68,0x00000000c9400000)
 Metaspace       used 53958K, committed 54976K, reserved 1114112K
  class space    used 5829K, committed 6272K, reserved 1048576K
}
Event: 17.533 GC heap after
{Heap after GC invocations=59 (full 5):
 PSYoungGen      total 14848K, used 2761K [0x00000000eab00000, 0x00000000ebc80000, 0x0000000100000000)
  eden space 11776K, 0% used [0x00000000eab00000,0x00000000eab00000,0x00000000eb680000)
  from space 3072K, 89% used [0x00000000eb980000,0x00000000ebc32488,0x00000000ebc80000)
  to   space 3072K, 0% used [0x00000000eb680000,0x00000000eb680000,0x00000000eb980000)
 ParOldGen       total 151552K, used 132494K [0x00000000c0000000, 0x00000000c9400000, 0x00000000eab00000)
  object space 151552K, 87% used [0x00000000c0000000,0x00000000c8163b78,0x00000000c9400000)
 Metaspace       used 53958K, committed 54976K, reserved 1114112K
  class space    used 5829K, committed 6272K, reserved 1048576K
}
Event: 17.643 GC heap before
{Heap before GC invocations=60 (full 5):
 PSYoungGen      total 14848K, used 14537K [0x00000000eab00000, 0x00000000ebc80000, 0x0000000100000000)
  eden space 11776K, 100% used [0x00000000eab00000,0x00000000eb680000,0x00000000eb680000)
  from space 3072K, 89% used [0x00000000eb980000,0x00000000ebc32488,0x00000000ebc80000)
  to   space 3072K, 0% used [0x00000000eb680000,0x00000000eb680000,0x00000000eb980000)
 ParOldGen       total 151552K, used 132494K [0x00000000c0000000, 0x00000000c9400000, 0x00000000eab00000)
  object space 151552K, 87% used [0x00000000c0000000,0x00000000c8163b78,0x00000000c9400000)
 Metaspace       used 53958K, committed 54976K, reserved 1114112K
  class space    used 5829K, committed 6272K, reserved 1048576K
}
Event: 17.648 GC heap after
{Heap after GC invocations=60 (full 5):
 PSYoungGen      total 14848K, used 2768K [0x00000000eab00000, 0x00000000ebc80000, 0x0000000100000000)
  eden space 11776K, 0% used [0x00000000eab00000,0x00000000eab00000,0x00000000eb680000)
  from space 3072K, 90% used [0x00000000eb680000,0x00000000eb9341f0,0x00000000eb980000)
  to   space 3072K, 0% used [0x00000000eb980000,0x00000000eb980000,0x00000000ebc80000)
 ParOldGen       total 151552K, used 135186K [0x00000000c0000000, 0x00000000c9400000, 0x00000000eab00000)
  object space 151552K, 89% used [0x00000000c0000000,0x00000000c8404848,0x00000000c9400000)
 Metaspace       used 53958K, committed 54976K, reserved 1114112K
  class space    used 5829K, committed 6272K, reserved 1048576K
}
Event: 17.884 GC heap before
{Heap before GC invocations=61 (full 5):
 PSYoungGen      total 14848K, used 14544K [0x00000000eab00000, 0x00000000ebc80000, 0x0000000100000000)
  eden space 11776K, 100% used [0x00000000eab00000,0x00000000eb680000,0x00000000eb680000)
  from space 3072K, 90% used [0x00000000eb680000,0x00000000eb9341f0,0x00000000eb980000)
  to   space 3072K, 0% used [0x00000000eb980000,0x00000000eb980000,0x00000000ebc80000)
 ParOldGen       total 151552K, used 135186K [0x00000000c0000000, 0x00000000c9400000, 0x00000000eab00000)
  object space 151552K, 89% used [0x00000000c0000000,0x00000000c8404848,0x00000000c9400000)
 Metaspace       used 53958K, committed 54976K, reserved 1114112K
  class space    used 5829K, committed 6272K, reserved 1048576K
}
Event: 17.888 GC heap after
{Heap after GC invocations=61 (full 5):
 PSYoungGen      total 14848K, used 2950K [0x00000000eab00000, 0x00000000ebc80000, 0x0000000100000000)
  eden space 11776K, 0% used [0x00000000eab00000,0x00000000eab00000,0x00000000eb680000)
  from space 3072K, 96% used [0x00000000eb980000,0x00000000ebc61bf0,0x00000000ebc80000)
  to   space 3072K, 0% used [0x00000000eb680000,0x00000000eb680000,0x00000000eb980000)
 ParOldGen       total 151552K, used 137893K [0x00000000c0000000, 0x00000000c9400000, 0x00000000eab00000)
  object space 151552K, 90% used [0x00000000c0000000,0x00000000c86a94b0,0x00000000c9400000)
 Metaspace       used 53958K, committed 54976K, reserved 1114112K
  class space    used 5829K, committed 6272K, reserved 1048576K
}
Event: 17.974 GC heap before
{Heap before GC invocations=62 (full 5):
 PSYoungGen      total 14848K, used 14726K [0x00000000eab00000, 0x00000000ebc80000, 0x0000000100000000)
  eden space 11776K, 100% used [0x00000000eab00000,0x00000000eb680000,0x00000000eb680000)
  from space 3072K, 96% used [0x00000000eb980000,0x00000000ebc61bf0,0x00000000ebc80000)
  to   space 3072K, 0% used [0x00000000eb680000,0x00000000eb680000,0x00000000eb980000)
 ParOldGen       total 151552K, used 137893K [0x00000000c0000000, 0x00000000c9400000, 0x00000000eab00000)
  object space 151552K, 90% used [0x00000000c0000000,0x00000000c86a94b0,0x00000000c9400000)
 Metaspace       used 53960K, committed 54976K, reserved 1114112K
  class space    used 5829K, committed 6272K, reserved 1048576K
}
Event: 17.978 GC heap after
{Heap after GC invocations=62 (full 5):
 PSYoungGen      total 14848K, used 2978K [0x00000000eab00000, 0x00000000ebc80000, 0x0000000100000000)
  eden space 11776K, 0% used [0x00000000eab00000,0x00000000eab00000,0x00000000eb680000)
  from space 3072K, 96% used [0x00000000eb680000,0x00000000eb968968,0x00000000eb980000)
  to   space 3072K, 0% used [0x00000000eb980000,0x00000000eb980000,0x00000000ebc80000)
 ParOldGen       total 151552K, used 140684K [0x00000000c0000000, 0x00000000c9400000, 0x00000000eab00000)
  object space 151552K, 92% used [0x00000000c0000000,0x00000000c89633b0,0x00000000c9400000)
 Metaspace       used 53960K, committed 54976K, reserved 1114112K
  class space    used 5829K, committed 6272K, reserved 1048576K
}
Event: 18.057 GC heap before
{Heap before GC invocations=63 (full 5):
 PSYoungGen      total 14848K, used 14754K [0x00000000eab00000, 0x00000000ebc80000, 0x0000000100000000)
  eden space 11776K, 100% used [0x00000000eab00000,0x00000000eb680000,0x00000000eb680000)
  from space 3072K, 96% used [0x00000000eb680000,0x00000000eb968968,0x00000000eb980000)
  to   space 3072K, 0% used [0x00000000eb980000,0x00000000eb980000,0x00000000ebc80000)
 ParOldGen       total 151552K, used 140684K [0x00000000c0000000, 0x00000000c9400000, 0x00000000eab00000)
  object space 151552K, 92% used [0x00000000c0000000,0x00000000c89633b0,0x00000000c9400000)
 Metaspace       used 53960K, committed 54976K, reserved 1114112K
  class space    used 5829K, committed 6272K, reserved 1048576K
}
Event: 18.060 GC heap after
{Heap after GC invocations=63 (full 5):
 PSYoungGen      total 14848K, used 2943K [0x00000000eab00000, 0x00000000ebc80000, 0x0000000100000000)
  eden space 11776K, 0% used [0x00000000eab00000,0x00000000eab00000,0x00000000eb680000)
  from space 3072K, 95% used [0x00000000eb980000,0x00000000ebc5fcc0,0x00000000ebc80000)
  to   space 3072K, 0% used [0x00000000eb680000,0x00000000eb680000,0x00000000eb980000)
 ParOldGen       total 151552K, used 143533K [0x00000000c0000000, 0x00000000c9400000, 0x00000000eab00000)
  object space 151552K, 94% used [0x00000000c0000000,0x00000000c8c2b6d0,0x00000000c9400000)
 Metaspace       used 53960K, committed 54976K, reserved 1114112K
  class space    used 5829K, committed 6272K, reserved 1048576K
}
Event: 18.133 GC heap before
{Heap before GC invocations=64 (full 5):
 PSYoungGen      total 14848K, used 14719K [0x00000000eab00000, 0x00000000ebc80000, 0x0000000100000000)
  eden space 11776K, 100% used [0x00000000eab00000,0x00000000eb680000,0x00000000eb680000)
  from space 3072K, 95% used [0x00000000eb980000,0x00000000ebc5fcc0,0x00000000ebc80000)
  to   space 3072K, 0% used [0x00000000eb680000,0x00000000eb680000,0x00000000eb980000)
 ParOldGen       total 151552K, used 143533K [0x00000000c0000000, 0x00000000c9400000, 0x00000000eab00000)
  object space 151552K, 94% used [0x00000000c0000000,0x00000000c8c2b6d0,0x00000000c9400000)
 Metaspace       used 53960K, committed 54976K, reserved 1114112K
  class space    used 5829K, committed 6272K, reserved 1048576K
}
Event: 18.138 GC heap after
{Heap after GC invocations=64 (full 5):
 PSYoungGen      total 14848K, used 2792K [0x00000000eab00000, 0x00000000ebc80000, 0x0000000100000000)
  eden space 11776K, 0% used [0x00000000eab00000,0x00000000eab00000,0x00000000eb680000)
  from space 3072K, 90% used [0x00000000eb680000,0x00000000eb93a330,0x00000000eb980000)
  to   space 3072K, 0% used [0x00000000eb980000,0x00000000eb980000,0x00000000ebc80000)
 ParOldGen       total 151552K, used 146399K [0x00000000c0000000, 0x00000000c9400000, 0x00000000eab00000)
  object space 151552K, 96% used [0x00000000c0000000,0x00000000c8ef7fc0,0x00000000c9400000)
 Metaspace       used 53960K, committed 54976K, reserved 1114112K
  class space    used 5829K, committed 6272K, reserved 1048576K
}
Event: 18.191 GC heap before
{Heap before GC invocations=65 (full 5):
 PSYoungGen      total 14848K, used 14568K [0x00000000eab00000, 0x00000000ebc80000, 0x0000000100000000)
  eden space 11776K, 100% used [0x00000000eab00000,0x00000000eb680000,0x00000000eb680000)
  from space 3072K, 90% used [0x00000000eb680000,0x00000000eb93a330,0x00000000eb980000)
  to   space 3072K, 0% used [0x00000000eb980000,0x00000000eb980000,0x00000000ebc80000)
 ParOldGen       total 151552K, used 146399K [0x00000000c0000000, 0x00000000c9400000, 0x00000000eab00000)
  object space 151552K, 96% used [0x00000000c0000000,0x00000000c8ef7fc0,0x00000000c9400000)
 Metaspace       used 53960K, committed 54976K, reserved 1114112K
  class space    used 5829K, committed 6272K, reserved 1048576K
}
Event: 18.194 GC heap after
{Heap after GC invocations=65 (full 5):
 PSYoungGen      total 14848K, used 2831K [0x00000000eab00000, 0x00000000ebc80000, 0x0000000100000000)
  eden space 11776K, 0% used [0x00000000eab00000,0x00000000eab00000,0x00000000eb680000)
  from space 3072K, 92% used [0x00000000eb980000,0x00000000ebc43e00,0x00000000ebc80000)
  to   space 3072K, 0% used [0x00000000eb680000,0x00000000eb680000,0x00000000eb980000)
 ParOldGen       total 151552K, used 149106K [0x00000000c0000000, 0x00000000c9400000, 0x00000000eab00000)
  object space 151552K, 98% used [0x00000000c0000000,0x00000000c919c988,0x00000000c9400000)
 Metaspace       used 53960K, committed 54976K, reserved 1114112K
  class space    used 5829K, committed 6272K, reserved 1048576K
}
Event: 18.194 GC heap before
{Heap before GC invocations=66 (full 6):
 PSYoungGen      total 14848K, used 2831K [0x00000000eab00000, 0x00000000ebc80000, 0x0000000100000000)
  eden space 11776K, 0% used [0x00000000eab00000,0x00000000eab00000,0x00000000eb680000)
  from space 3072K, 92% used [0x00000000eb980000,0x00000000ebc43e00,0x00000000ebc80000)
  to   space 3072K, 0% used [0x00000000eb680000,0x00000000eb680000,0x00000000eb980000)
 ParOldGen       total 151552K, used 149106K [0x00000000c0000000, 0x00000000c9400000, 0x00000000eab00000)
  object space 151552K, 98% used [0x00000000c0000000,0x00000000c919c988,0x00000000c9400000)
 Metaspace       used 53960K, committed 54976K, reserved 1114112K
  class space    used 5829K, committed 6272K, reserved 1048576K
}

